
/app/experimentos/exp-range/src/test/java/org/apache/commons/lang3/RangeGrok_POT4Test.java:1448: error: not a statement
       Range
       ^
/app/experimentos/exp-range/src/test/java/org/apache/commons/lang3/RangeGrok_POT4Test.java:1448: error: reached end of file while parsing
       Range
            ^
2 errors
