
/app/experimentos/exp-range/src/test/java/org/apache/commons/lang3/RangeGrok_POT2Test.java:149: error: illegal character: '`'
}```
 ^
/app/experimentos/exp-range/src/test/java/org/apache/commons/lang3/RangeGrok_POT2Test.java:149: error: illegal character: '`'
}```
  ^
/app/experimentos/exp-range/src/test/java/org/apache/commons/lang3/RangeGrok_POT2Test.java:149: error: illegal character: '`'
}```
   ^
/app/experimentos/exp-range/src/test/java/org/apache/commons/lang3/RangeGrok_POT2Test.java:149: error: reached end of file while parsing
}```
    ^
4 errors
