"test_suite","method","line","message","tests_run","failures","errors","skipped"
"MathUtilsLlama_OS1Test","testCheckFinite_NullArray","16","Unexpected exception type thrown, expected: <org.apache.commons.math3.exception.NullArgumentException> but was: <java.lang.NullPointerException>","6","1","0","0"
"MathUtilsLlama_OS2Test","testCheckFinite_NullArray","16","Unexpected exception type thrown, expected: <org.apache.commons.math3.exception.NullArgumentException> but was: <java.lang.NullPointerException>","6","1","0","0"
"MathUtilsLlama_OS3Test","testCheckFinite_NullArray","16","Unexpected exception type thrown, expected: <org.apache.commons.math3.exception.NullArgumentException> but was: <java.lang.NullPointerException>","6","1","0","0"
"MathUtilsLlama_OS4Test","testCheckFinite_NullArray","16","Unexpected exception type thrown, expected: <org.apache.commons.math3.exception.NullArgumentException> but was: <java.lang.NullPointerException>","6","1","0","0"
"MathUtilsLlama_ZS1Test","testCheckFinite_NullArray","13","Unexpected exception type thrown, expected: <org.apache.commons.math3.exception.NullArgumentException> but was: <java.lang.NullPointerException>","7","1","0","0"
"MathUtilsLlama_ZS2Test","testCheckFinite_NullArray","13","Unexpected exception type thrown, expected: <org.apache.commons.math3.exception.NullArgumentException> but was: <java.lang.NullPointerException>","7","1","0","0"
"MathUtilsLlama_ZS3Test","testCheckFinite_NullArray","13","Unexpected exception type thrown, expected: <org.apache.commons.math3.exception.NullArgumentException> but was: <java.lang.NullPointerException>","7","1","0","0"
"MathUtilsLlama_ZS4Test","testCheckFinite_NullArray","13","Unexpected exception type thrown, expected: <org.apache.commons.math3.exception.NullArgumentException> but was: <java.lang.NullPointerException>","7","1","0","0"
"MathUtilsLlama_ZS5Test","testCheckFinite_NullArray","13","Unexpected exception type thrown, expected: <org.apache.commons.math3.exception.NullArgumentException> but was: <java.lang.NullPointerException>","7","1","0","0"
"MathUtilsQwen_FS1Test","testCheckFinite_withNullArray_shouldNotThrowException","15","Unexpected exception thrown: java.lang.NullPointerException: Cannot read the array length because ""val"" is null","10","1","0","0"
"MathUtilsQwen_FS3Test","testCheckFinite_withNullArray_shouldNotThrowException","15","Unexpected exception thrown: java.lang.NullPointerException: Cannot read the array length because ""val"" is null","10","1","0","0"
"MathUtilsQwen_FS5Test","testCheckFinite_withNullArray_shouldNotThrowException","15","Unexpected exception thrown: java.lang.NullPointerException: Cannot read the array length because ""val"" is null","10","1","0","0"
