
/app/experimentos/exp-primes-dissertacao/src/test/java/org/apache/commons/math3/primes/PrimesGrok_POT5Test.java:185: error: cannot find symbol
        assertThrows(MathIllegalArgumentException.class, () -> Primes.nextPrime(-1));
                     ^
  symbol:   class MathIllegalArgumentException
  location: class PrimesGrok_POT5Test
/app/experimentos/exp-primes-dissertacao/src/test/java/org/apache/commons/math3/primes/PrimesGrok_POT5Test.java:255: error: variable n is already defined in method testNextPrime_ReturnSecondInLoop()
        int n = 33;
            ^
/app/experimentos/exp-primes-dissertacao/src/test/java/org/apache/commons/math3/primes/PrimesGrok_POT5Test.java:270: error: variable n is already defined in method testNextPrime_FullLoopIteration()
        int n = 91;
            ^
3 errors
