
/app/experimentos/exp-primes-dissertacao/src/test/java/org/apache/commons/math3/primes/PrimesGrok_POT2Test.java:12: error: cannot find symbol
        assertThrows(MathIllegalArgumentException.class, () -> Primes.nextPrime(-1));
                     ^
  symbol:   class MathIllegalArgumentException
  location: class PrimesGrok_POT2Test
/app/experimentos/exp-primes-dissertacao/src/test/java/org/apache/commons/math3/primes/PrimesGrok_POT2Test.java:38: error: variable input is already defined in method testNextPrime_T4()
        int input = 8;
            ^
2 errors
